  [1m[36m (10.8ms)[0m  [1mCREATE TABLE "schema_migrations" ("version" varchar(255) NOT NULL) [0m
  [1m[35m (17.2ms)[0m  CREATE UNIQUE INDEX "unique_schema_migrations" ON "schema_migrations" ("version")
  [1m[36mActiveRecord::SchemaMigration Load (0.1ms)[0m  [1mSELECT "schema_migrations".* FROM "schema_migrations"[0m


Started GET "/" for 127.0.0.1 at 2014-05-16 11:57:36 +0100
Processing by Rails::WelcomeController#index as HTML
  Rendered /Users/Ponczek/.rvm/gems/ruby-2.1.0@railstutorial_rails_4_0/gems/railties-4.0.5/lib/rails/templates/rails/welcome/index.html.erb (2.4ms)
Completed 200 OK in 11ms (Views: 10.0ms | ActiveRecord: 0.0ms)


Started GET "/static_pages/contact" for 127.0.0.1 at 2014-05-16 11:57:45 +0100
Processing by StaticPagesController#contact as HTML
  Rendered static_pages/contact.html.erb within layouts/application (0.4ms)
Completed 200 OK in 745ms (Views: 744.1ms | ActiveRecord: 0.0ms)


Started GET "/assets/application.css?body=1" for 127.0.0.1 at 2014-05-16 11:57:46 +0100


Started GET "/assets/bootstrap.css?body=1" for 127.0.0.1 at 2014-05-16 11:57:46 +0100


Started GET "/assets/jquery_ujs.js?body=1" for 127.0.0.1 at 2014-05-16 11:57:46 +0100


Started GET "/assets/static_pages.css?body=1" for 127.0.0.1 at 2014-05-16 11:57:46 +0100


Started GET "/assets/turbolinks.js?body=1" for 127.0.0.1 at 2014-05-16 11:57:46 +0100


Started GET "/assets/static_pages.js?body=1" for 127.0.0.1 at 2014-05-16 11:57:46 +0100


Started GET "/assets/jquery.js?body=1" for 127.0.0.1 at 2014-05-16 11:57:46 +0100


Started GET "/assets/application.js?body=1" for 127.0.0.1 at 2014-05-16 11:57:46 +0100


Started GET "/assets/application.css" for 127.0.0.1 at 2014-05-16 12:33:14 +0100


Started GET "/posts/5363ba51616472a00f020000" for 127.0.0.1 at 2014-05-16 14:30:27 +0100

ActionController::RoutingError (No route matches [GET] "/posts/5363ba51616472a00f020000"):
  actionpack (4.0.5) lib/action_dispatch/middleware/debug_exceptions.rb:21:in `call'
  actionpack (4.0.5) lib/action_dispatch/middleware/show_exceptions.rb:30:in `call'
  railties (4.0.5) lib/rails/rack/logger.rb:38:in `call_app'
  railties (4.0.5) lib/rails/rack/logger.rb:20:in `block in call'
  activesupport (4.0.5) lib/active_support/tagged_logging.rb:68:in `block in tagged'
  activesupport (4.0.5) lib/active_support/tagged_logging.rb:26:in `tagged'
  activesupport (4.0.5) lib/active_support/tagged_logging.rb:68:in `tagged'
  railties (4.0.5) lib/rails/rack/logger.rb:20:in `call'
  actionpack (4.0.5) lib/action_dispatch/middleware/request_id.rb:21:in `call'
  rack (1.5.2) lib/rack/methodoverride.rb:21:in `call'
  rack (1.5.2) lib/rack/runtime.rb:17:in `call'
  activesupport (4.0.5) lib/active_support/cache/strategy/local_cache.rb:83:in `call'
  rack (1.5.2) lib/rack/lock.rb:17:in `call'
  actionpack (4.0.5) lib/action_dispatch/middleware/static.rb:64:in `call'
  rack (1.5.2) lib/rack/sendfile.rb:112:in `call'
  railties (4.0.5) lib/rails/engine.rb:511:in `call'
  railties (4.0.5) lib/rails/application.rb:97:in `call'
  rack (1.5.2) lib/rack/lock.rb:17:in `call'
  rack (1.5.2) lib/rack/content_length.rb:14:in `call'
  rack (1.5.2) lib/rack/handler/webrick.rb:60:in `service'
  /Users/Ponczek/.rvm/rubies/ruby-2.1.0/lib/ruby/2.1.0/webrick/httpserver.rb:138:in `service'
  /Users/Ponczek/.rvm/rubies/ruby-2.1.0/lib/ruby/2.1.0/webrick/httpserver.rb:94:in `run'
  /Users/Ponczek/.rvm/rubies/ruby-2.1.0/lib/ruby/2.1.0/webrick/server.rb:295:in `block in start_thread'


  Rendered /Users/Ponczek/.rvm/gems/ruby-2.1.0@railstutorial_rails_4_0/gems/actionpack-4.0.5/lib/action_dispatch/middleware/templates/rescues/_trace.erb (1.0ms)
  Rendered /Users/Ponczek/.rvm/gems/ruby-2.1.0@railstutorial_rails_4_0/gems/actionpack-4.0.5/lib/action_dispatch/middleware/templates/routes/_route.html.erb (0.6ms)
  Rendered /Users/Ponczek/.rvm/gems/ruby-2.1.0@railstutorial_rails_4_0/gems/actionpack-4.0.5/lib/action_dispatch/middleware/templates/routes/_table.html.erb (44.5ms)
  Rendered /Users/Ponczek/.rvm/gems/ruby-2.1.0@railstutorial_rails_4_0/gems/actionpack-4.0.5/lib/action_dispatch/middleware/templates/rescues/routing_error.erb within rescues/layout (61.3ms)


Started GET "/" for 127.0.0.1 at 2014-06-11 15:00:19 +0200
Processing by StaticPagesController#home as HTML
  Rendered static_pages/home.html.erb within layouts/application (5.1ms)
Completed 200 OK in 1208ms (Views: 1207.6ms | ActiveRecord: 0.0ms)


Started GET "/assets/application.css?body=1" for 127.0.0.1 at 2014-06-11 15:00:20 +0200


Started GET "/assets/static_pages.css?body=1" for 127.0.0.1 at 2014-06-11 15:00:21 +0200


Started GET "/assets/jquery.js?body=1" for 127.0.0.1 at 2014-06-11 15:00:21 +0200


Started GET "/assets/bootstrap.css?body=1" for 127.0.0.1 at 2014-06-11 15:00:21 +0200


Started GET "/assets/jquery_ujs.js?body=1" for 127.0.0.1 at 2014-06-11 15:00:21 +0200


Started GET "/assets/users.css?body=1" for 127.0.0.1 at 2014-06-11 15:00:21 +0200


Started GET "/assets/turbolinks.js?body=1" for 127.0.0.1 at 2014-06-11 15:00:21 +0200


Started GET "/assets/static_pages.js?body=1" for 127.0.0.1 at 2014-06-11 15:00:21 +0200


Started GET "/assets/users.js?body=1" for 127.0.0.1 at 2014-06-11 15:00:21 +0200


Started GET "/assets/application.js?body=1" for 127.0.0.1 at 2014-06-11 15:00:21 +0200


Started GET "/images/rails.png" for 127.0.0.1 at 2014-06-11 15:00:21 +0200

ActionController::RoutingError (No route matches [GET] "/images/rails.png"):
  actionpack (4.0.5) lib/action_dispatch/middleware/debug_exceptions.rb:21:in `call'
  actionpack (4.0.5) lib/action_dispatch/middleware/show_exceptions.rb:30:in `call'
  railties (4.0.5) lib/rails/rack/logger.rb:38:in `call_app'
  railties (4.0.5) lib/rails/rack/logger.rb:20:in `block in call'
  activesupport (4.0.5) lib/active_support/tagged_logging.rb:68:in `block in tagged'
  activesupport (4.0.5) lib/active_support/tagged_logging.rb:26:in `tagged'
  activesupport (4.0.5) lib/active_support/tagged_logging.rb:68:in `tagged'
  railties (4.0.5) lib/rails/rack/logger.rb:20:in `call'
  actionpack (4.0.5) lib/action_dispatch/middleware/request_id.rb:21:in `call'
  rack (1.5.2) lib/rack/methodoverride.rb:21:in `call'
  rack (1.5.2) lib/rack/runtime.rb:17:in `call'
  activesupport (4.0.5) lib/active_support/cache/strategy/local_cache.rb:83:in `call'
  rack (1.5.2) lib/rack/lock.rb:17:in `call'
  actionpack (4.0.5) lib/action_dispatch/middleware/static.rb:64:in `call'
  rack (1.5.2) lib/rack/sendfile.rb:112:in `call'
  railties (4.0.5) lib/rails/engine.rb:511:in `call'
  railties (4.0.5) lib/rails/application.rb:97:in `call'
  rack (1.5.2) lib/rack/lock.rb:17:in `call'
  rack (1.5.2) lib/rack/content_length.rb:14:in `call'
  rack (1.5.2) lib/rack/handler/webrick.rb:60:in `service'
  /Users/Ponczek/.rvm/rubies/ruby-2.1.0/lib/ruby/2.1.0/webrick/httpserver.rb:138:in `service'
  /Users/Ponczek/.rvm/rubies/ruby-2.1.0/lib/ruby/2.1.0/webrick/httpserver.rb:94:in `run'
  /Users/Ponczek/.rvm/rubies/ruby-2.1.0/lib/ruby/2.1.0/webrick/server.rb:295:in `block in start_thread'


  Rendered /Users/Ponczek/.rvm/gems/ruby-2.1.0@railstutorial_rails_4_0/gems/actionpack-4.0.5/lib/action_dispatch/middleware/templates/rescues/_trace.erb (1.7ms)
  Rendered /Users/Ponczek/.rvm/gems/ruby-2.1.0@railstutorial_rails_4_0/gems/actionpack-4.0.5/lib/action_dispatch/middleware/templates/routes/_route.html.erb (2.6ms)
  Rendered /Users/Ponczek/.rvm/gems/ruby-2.1.0@railstutorial_rails_4_0/gems/actionpack-4.0.5/lib/action_dispatch/middleware/templates/routes/_table.html.erb (13.7ms)
  Rendered /Users/Ponczek/.rvm/gems/ruby-2.1.0@railstutorial_rails_4_0/gems/actionpack-4.0.5/lib/action_dispatch/middleware/templates/rescues/routing_error.erb within rescues/layout (44.3ms)


Started GET "/" for 127.0.0.1 at 2014-06-11 15:05:07 +0200
Processing by StaticPagesController#home as HTML
  Rendered static_pages/home.html.erb within layouts/application (5.2ms)
Completed 200 OK in 9ms (Views: 9.1ms | ActiveRecord: 0.0ms)


Started GET "/assets/application.css?body=1" for 127.0.0.1 at 2014-06-11 15:05:07 +0200


Started GET "/assets/bootstrap.css?body=1" for 127.0.0.1 at 2014-06-11 15:05:07 +0200


Started GET "/assets/turbolinks.js?body=1" for 127.0.0.1 at 2014-06-11 15:05:07 +0200


Started GET "/assets/users.css?body=1" for 127.0.0.1 at 2014-06-11 15:05:07 +0200


Started GET "/assets/jquery.js?body=1" for 127.0.0.1 at 2014-06-11 15:05:07 +0200


Started GET "/assets/static_pages.css?body=1" for 127.0.0.1 at 2014-06-11 15:05:07 +0200


Started GET "/assets/jquery_ujs.js?body=1" for 127.0.0.1 at 2014-06-11 15:05:07 +0200


Started GET "/assets/static_pages.js?body=1" for 127.0.0.1 at 2014-06-11 15:05:07 +0200


Started GET "/assets/users.js?body=1" for 127.0.0.1 at 2014-06-11 15:05:07 +0200


Started GET "/assets/application.js?body=1" for 127.0.0.1 at 2014-06-11 15:05:07 +0200


Started GET "/images/rails.png" for 127.0.0.1 at 2014-06-11 15:05:07 +0200

ActionController::RoutingError (No route matches [GET] "/images/rails.png"):
  actionpack (4.0.5) lib/action_dispatch/middleware/debug_exceptions.rb:21:in `call'
  actionpack (4.0.5) lib/action_dispatch/middleware/show_exceptions.rb:30:in `call'
  railties (4.0.5) lib/rails/rack/logger.rb:38:in `call_app'
  railties (4.0.5) lib/rails/rack/logger.rb:20:in `block in call'
  activesupport (4.0.5) lib/active_support/tagged_logging.rb:68:in `block in tagged'
  activesupport (4.0.5) lib/active_support/tagged_logging.rb:26:in `tagged'
  activesupport (4.0.5) lib/active_support/tagged_logging.rb:68:in `tagged'
  railties (4.0.5) lib/rails/rack/logger.rb:20:in `call'
  actionpack (4.0.5) lib/action_dispatch/middleware/request_id.rb:21:in `call'
  rack (1.5.2) lib/rack/methodoverride.rb:21:in `call'
  rack (1.5.2) lib/rack/runtime.rb:17:in `call'
  activesupport (4.0.5) lib/active_support/cache/strategy/local_cache.rb:83:in `call'
  rack (1.5.2) lib/rack/lock.rb:17:in `call'
  actionpack (4.0.5) lib/action_dispatch/middleware/static.rb:64:in `call'
  rack (1.5.2) lib/rack/sendfile.rb:112:in `call'
  railties (4.0.5) lib/rails/engine.rb:511:in `call'
  railties (4.0.5) lib/rails/application.rb:97:in `call'
  rack (1.5.2) lib/rack/lock.rb:17:in `call'
  rack (1.5.2) lib/rack/content_length.rb:14:in `call'
  rack (1.5.2) lib/rack/handler/webrick.rb:60:in `service'
  /Users/Ponczek/.rvm/rubies/ruby-2.1.0/lib/ruby/2.1.0/webrick/httpserver.rb:138:in `service'
  /Users/Ponczek/.rvm/rubies/ruby-2.1.0/lib/ruby/2.1.0/webrick/httpserver.rb:94:in `run'
  /Users/Ponczek/.rvm/rubies/ruby-2.1.0/lib/ruby/2.1.0/webrick/server.rb:295:in `block in start_thread'


  Rendered /Users/Ponczek/.rvm/gems/ruby-2.1.0@railstutorial_rails_4_0/gems/actionpack-4.0.5/lib/action_dispatch/middleware/templates/rescues/_trace.erb (1.4ms)
  Rendered /Users/Ponczek/.rvm/gems/ruby-2.1.0@railstutorial_rails_4_0/gems/actionpack-4.0.5/lib/action_dispatch/middleware/templates/routes/_route.html.erb (1.3ms)
  Rendered /Users/Ponczek/.rvm/gems/ruby-2.1.0@railstutorial_rails_4_0/gems/actionpack-4.0.5/lib/action_dispatch/middleware/templates/routes/_table.html.erb (0.8ms)
  Rendered /Users/Ponczek/.rvm/gems/ruby-2.1.0@railstutorial_rails_4_0/gems/actionpack-4.0.5/lib/action_dispatch/middleware/templates/rescues/routing_error.erb within rescues/layout (21.1ms)
